<?xml version="1.0" encoding="UTF-8"?>
<!-- Generated by org.testng.reporters.JUnitReportReporter -->
<testsuite hostname="Vishwajas-MacBook-Pro.local" failures="0" tests="1" name="constants.SeleniumTest" time="12.748" errors="0" timestamp="2022-03-09T22:21:46 IST" skipped="0">
  <testcase classname="constants.SeleniumTest" name="test" time="12.748"/>
  <system-out/>
</testsuite> <!-- constants.SeleniumTest -->
